[2016/12/09 03:08:28] Install step: 
[2016/12/09 03:09:48] Install step: complete
[2016/12/09 03:17:51] Install step: complete
[2016/12/09 03:18:12] Install step: get_meta_data
[2016/12/09 03:20:18] Install step: get_meta_data
[2016/12/09 03:23:24] Install step: get_meta_data
[2016/12/09 03:23:42] Install step: get_meta_data
[2016/12/09 03:24:19] Install step: get_meta_data
[2016/12/09 03:27:15] Install step: get_meta_data
[2016/12/09 03:28:31] Install step: get_meta_data
[2016/12/09 03:39:14] Install step: get_meta_data
[2016/12/09 03:40:41] Install step: get_meta_data
[2016/12/09 03:42:15] Install step: get_meta_data
[2016/12/09 03:42:54] Install step: get_meta_data
[2016/12/09 03:46:41] Install step: get_meta_data
[2016/12/09 03:46:45] Install step: get_meta_data
[2016/12/09 03:47:30] Install step: get_meta_data
[2016/12/09 03:48:15] Install step: get_meta_data
[2016/12/09 03:48:38] Install step: get_meta_data
[2016/12/09 04:14:35] Install step: get_meta_data
[2016/12/09 04:14:40] Install step: get_meta_data
[2016/12/09 04:37:31] Install step: get_meta_data
[2016/12/09 05:04:39] Install step: get_meta_data
[2016/12/09 05:07:30] Install step: get_meta_data
[2016/12/09 05:08:20] Install step: get_meta_data
[2016/12/09 05:09:19] Install step: get_meta_data
[2016/12/09 05:10:54] Install step: get_meta_data
[2016/12/09 05:18:17] Install step: get_meta_data
[2016/12/09 05:18:53] Install step: get_meta_data
[2016/12/09 05:23:09] Install step: get_meta_data
[2016/12/09 05:24:17] Install step: get_meta_data
[2016/12/09 05:27:00] Install step: get_meta_data
[2016/12/09 05:27:47] Install step: get_meta_data
[2016/12/09 05:29:08] Install step: get_meta_data
[2016/12/09 05:35:31] Install step: get_meta_data
[2016/12/09 05:36:15] Install step: get_meta_data
[2016/12/09 05:42:01] Install step: get_meta_data
[2016/12/09 05:42:53] Install step: get_meta_data
[2016/12/09 05:44:04] Install step: get_meta_data
[2016/12/09 05:47:09] Install step: get_meta_data
[2016/12/09 05:51:33] Install step: get_meta_data
[2016/12/09 05:52:01] Install step: get_meta_data
[2016/12/09 05:52:41] Install step: get_meta_data
[2016/12/09 05:53:43] Install step: get_meta_data
[2016/12/09 05:57:26] Install step: get_meta_data
[2016/12/09 06:03:25] Install step: get_meta_data
[2016/12/09 06:03:25] Install step: download_extension
[2016/12/09 06:03:25] Install step: download_extension
[2016/12/09 06:03:25] Install step: download_extension
[2016/12/09 06:03:25] Install step: download_extension
[2016/12/09 06:03:25] Install step: download_extension
[2016/12/09 06:03:25] Install step: download_extension
[2016/12/09 06:04:34] Install step: get_meta_data
[2016/12/09 06:04:35] Install step: download_extension
[2016/12/09 06:04:35] Install step: download_extension
[2016/12/09 06:04:35] Install step: download_extension
[2016/12/09 06:04:35] Install step: download_extension
[2016/12/09 06:04:35] Install step: download_extension
[2016/12/09 06:04:35] Install step: download_extension
[2016/12/09 06:27:22] Install step: get_meta_data
[2016/12/09 06:27:23] Install step: download_extension
[2016/12/09 06:27:23] Install step: download_extension
[2016/12/09 06:27:24] Install step: download_extension
[2016/12/09 06:27:24] Install step: download_extension
[2016/12/09 06:27:24] Install step: download_extension
[2016/12/09 06:27:24] Install step: download_extension
[2016/12/09 06:46:02] Install step: get_meta_data
[2016/12/09 06:46:03] Install step: download_extension
[2016/12/09 06:46:03] Install step: download_extension
[2016/12/09 06:46:03] Install step: download_extension
[2016/12/09 06:46:03] Install step: download_extension
[2016/12/09 06:46:04] Install step: download_extension
[2016/12/09 06:46:04] Install step: download_extension
[2016/12/09 06:48:06] Install step: get_meta_data
[2016/12/09 06:48:42] Install step: get_meta_data
[2016/12/09 07:13:57] Install step: get_meta_data
[2016/12/09 07:13:58] Install step: download_extension
[2016/12/09 07:14:43] Install step: get_meta_data
[2016/12/09 07:14:43] Install step: download_extension
[2016/12/09 07:14:43] Install step: download_extension
[2016/12/09 07:14:45] Install step: download_extension
[2016/12/09 07:14:45] Install step: download_extension
[2016/12/09 07:14:45] Install step: download_extension
[2016/12/09 07:14:45] Install step: download_extension
[2016/12/09 07:16:41] Install step: get_meta_data
[2016/12/09 07:16:42] Install step: download_extension
[2016/12/09 07:16:42] Install step: download_extension
[2016/12/09 07:16:42] Install step: download_extension
[2016/12/09 07:16:43] Install step: download_extension
[2016/12/09 07:16:43] Install step: download_extension
[2016/12/09 07:16:44] Install step: download_extension
[2016/12/09 07:21:15] Install step: get_meta_data
[2016/12/09 07:21:15] Install step: download_extension
[2016/12/09 07:21:15] Install step: download_extension
[2016/12/09 07:21:16] Install step: download_extension
[2016/12/09 07:21:16] Install step: download_extension
[2016/12/09 07:21:16] Install step: download_extension
[2016/12/09 07:21:16] Install step: download_extension
[2016/12/09 07:21:31] Install step: get_meta_data
[2016/12/09 07:21:32] Install step: download_extension
[2016/12/09 07:21:32] Install step: download_extension
[2016/12/09 07:21:32] Install step: download_extension
[2016/12/09 07:21:32] Install step: download_extension
[2016/12/09 07:21:33] Install step: download_extension
[2016/12/09 07:21:33] Install step: download_extension
[2016/12/09 07:22:41] Install step: get_meta_data
[2016/12/09 07:22:41] Install step: download_extension
[2016/12/09 07:22:41] Install step: download_extension
[2016/12/09 07:22:42] Install step: download_extension
[2016/12/09 07:22:42] Install step: download_extension
[2016/12/09 07:22:42] Install step: download_extension
[2016/12/09 07:22:42] Install step: download_extension
[2016/12/09 07:22:53] Install step: get_meta_data
[2016/12/09 07:22:54] Install step: download_extension
[2016/12/09 07:22:54] Install step: download_extension
[2016/12/09 07:22:55] Install step: download_extension
[2016/12/09 07:22:55] Install step: download_extension
[2016/12/09 07:22:55] Install step: download_extension
[2016/12/09 07:22:55] Install step: download_extension
[2016/12/09 08:34:23] Install step: get_meta_data
[2016/12/09 08:34:24] Install step: download_extension
[2016/12/09 08:34:24] Install step: download_extension
[2016/12/09 08:34:25] Install step: download_extension
[2016/12/09 08:34:25] Install step: download_extension
[2016/12/09 08:34:26] Install step: download_extension
[2016/12/09 08:34:26] Install step: download_extension
[2016/12/10 02:21:01] Install step: get_meta_data
[2016/12/10 02:21:02] Install step: download_extension
[2016/12/10 02:21:02] Install step: download_extension
[2016/12/10 02:21:02] Install step: download_extension
[2016/12/10 02:21:03] Install step: download_extension
[2016/12/10 02:21:03] Install step: download_extension
[2016/12/10 02:21:03] Install step: download_extension
[2016/12/10 02:28:20] Install step: get_meta_data
[2016/12/10 02:28:41] Install step: get_meta_data
[2016/12/10 02:28:41] Install step: download_extension
[2016/12/10 02:28:42] Install step: download_extension
[2016/12/10 02:28:42] Install step: download_extension
[2016/12/10 02:28:42] Install step: download_extension
[2016/12/10 02:28:42] Install step: download_extension
[2016/12/10 02:28:43] Install step: download_extension
[2016/12/10 02:31:40] Install step: get_meta_data
[2016/12/10 02:31:40] Install step: download_extension
[2016/12/10 02:31:41] Install step: download_extension
[2016/12/10 02:31:41] Install step: download_extension
[2016/12/10 02:31:41] Install step: download_extension
[2016/12/10 02:31:41] Install step: download_extension
[2016/12/10 02:31:42] Install step: download_extension
[2016/12/10 02:35:07] Install step: get_meta_data
[2016/12/10 02:35:32] Install step: get_meta_data
[2016/12/10 02:37:12] Install step: get_meta_data
[2016/12/10 02:38:15] Install step: get_meta_data
[2016/12/10 02:38:16] Install step: download_extension
[2016/12/10 02:40:09] Install step: get_meta_data
[2016/12/10 02:40:10] Install step: download_extension
[2016/12/10 02:41:30] Install step: get_meta_data
[2016/12/10 02:41:30] Install step: download_extension
[2016/12/10 02:43:05] Install step: download_extension
[2016/12/10 02:44:21] Install step: download_extension
[2016/12/10 02:46:37] Install step: download_extension
[2016/12/10 02:48:05] Install step: get_meta_data
[2016/12/10 02:48:06] Install step: download_extension
[2016/12/10 02:53:45] Install step: get_meta_data
[2016/12/10 02:53:46] Install step: download_extension
[2016/12/10 02:53:56] Install step: get_meta_data
[2016/12/10 02:53:56] Install step: download_extension
[2016/12/10 02:57:52] Install step: get_meta_data
[2016/12/10 02:57:53] Install step: download_extension
[2016/12/10 02:58:57] Install step: get_meta_data
[2016/12/10 02:58:57] Install step: download_extension
[2016/12/10 03:05:15] Install step: get_meta_data
[2016/12/10 03:05:15] Install step: download_extension
[2016/12/11 11:27:26] Install step: get_meta_data
[2016/12/11 11:27:26] Install step: download_extension
[2016/12/11 11:36:22] Install step: get_meta_data
[2016/12/11 11:36:22] Install step: download_extension
[2016/12/11 11:37:31] Install step: get_meta_data
[2016/12/11 11:37:32] Install step: download_extension
[2016/12/11 11:38:09] Install step: get_meta_data
[2016/12/11 11:38:10] Install step: download_extension
[2016/12/11 11:39:50] Install step: get_meta_data
[2016/12/11 11:39:51] Install step: download_extension
[2016/12/11 11:40:40] Install step: get_meta_data
[2016/12/11 11:40:40] Install step: download_extension
[2016/12/11 12:26:57] Install step: get_meta_data
[2016/12/11 12:26:57] Install step: download_extension
[2016/12/11 12:28:36] Install step: get_meta_data
[2016/12/11 12:28:36] Install step: download_extension
[2016/12/11 12:39:08] Install step: get_meta_data
[2016/12/11 12:39:09] Install step: download_extension
[2016/12/11 12:45:10] Install step: get_meta_data
[2016/12/11 12:45:10] Install step: download_extension
[2016/12/11 12:45:12] Install step: download_extension
[2016/12/11 12:45:15] Install step: download_extension
[2016/12/11 12:45:19] Install step: download_extension
[2016/12/11 12:45:20] Install step: download_extension
[2016/12/11 12:45:22] Install step: download_extension
[2016/12/11 12:45:24] Install step: download_extension
[2016/12/11 12:45:26] Install step: download_extension
[2016/12/11 12:45:29] Install step: download_extension
[2016/12/11 12:45:38] Install step: download_extension
[2016/12/11 12:45:42] Install step: download_extension
[2016/12/11 12:46:38] Install step: get_meta_data
[2016/12/11 12:46:39] Install step: download_extension
[2016/12/11 12:46:40] Install step: download_extension
[2016/12/11 12:46:42] Install step: download_extension
[2016/12/11 12:46:43] Install step: download_extension
[2016/12/11 12:46:45] Install step: download_extension
[2016/12/11 12:46:46] Install step: download_extension
[2016/12/11 12:46:48] Install step: download_extension
[2016/12/11 12:46:49] Install step: download_extension
[2016/12/11 12:46:51] Install step: download_extension
[2016/12/11 12:46:52] Install step: download_extension
[2016/12/11 12:46:53] Install step: download_extension
[2016/12/11 12:46:56] Install step: download_extension
[2016/12/11 12:48:03] Install step: get_meta_data
[2016/12/11 12:48:04] Install step: download_extension
[2016/12/11 12:50:29] Install step: get_meta_data
[2016/12/11 12:50:29] Install step: download_extension
[2016/12/11 12:51:44] Install step: get_meta_data
[2016/12/11 12:51:45] Install step: download_extension
[2016/12/11 12:51:47] Install step: download_extension
[2016/12/11 12:53:55] Install step: get_meta_data
[2016/12/11 12:53:56] Install step: download_extension
[2016/12/11 12:53:57] Install step: download_extension
[2016/12/11 01:05:32] Install step: get_meta_data
[2016/12/11 01:05:33] Install step: download_extension
[2016/12/11 01:05:34] Install step: download_extension
[2016/12/11 01:05:36] Install step: download_extension
[2016/12/11 01:05:37] Install step: download_extension
[2016/12/11 01:05:38] Install step: download_extension
[2016/12/11 01:05:39] Install step: download_extension
[2016/12/11 01:05:40] Install step: download_extension
[2016/12/11 01:05:41] Install step: download_extension
[2016/12/11 01:05:43] Install step: download_extension
[2016/12/11 01:05:44] Install step: download_extension
[2016/12/11 01:05:45] Install step: download_extension
[2016/12/11 01:05:46] Install step: download_extension
[2016/12/11 01:05:47] Install step: download_extension
[2016/12/11 01:05:48] Install step: download_extension
[2016/12/11 01:05:49] Install step: download_extension
[2016/12/11 01:05:51] Install step: download_extension
[2016/12/11 01:05:52] Install step: download_extension
[2016/12/11 01:05:53] Install step: download_extension
[2016/12/11 01:05:54] Install step: download_extension
[2016/12/11 01:05:55] Install step: download_extension
[2016/12/11 01:05:56] Install step: download_extension
[2016/12/11 01:05:58] Install step: download_extension
[2016/12/11 01:05:59] Install step: download_extension
[2016/12/11 01:06:00] Install step: download_extension
[2016/12/11 01:06:02] Install step: download_extension
[2016/12/11 01:06:04] Install step: download_extension
[2016/12/11 01:06:05] Install step: download_extension
[2016/12/11 01:06:06] Install step: download_extension
[2016/12/11 01:06:07] Install step: download_extension
[2016/12/11 01:06:08] Install step: download_extension
[2016/12/11 01:08:29] Install step: get_meta_data
[2016/12/11 01:08:30] Install step: download_extension
[2016/12/11 01:08:31] Install step: download_extension
[2016/12/11 01:08:32] Install step: download_extension
[2016/12/11 01:08:33] Install step: download_extension
[2016/12/11 01:08:34] Install step: download_extension
[2016/12/11 01:08:35] Install step: download_extension
[2016/12/11 01:08:37] Install step: download_extension
[2016/12/11 01:09:33] Install step: get_meta_data
[2016/12/11 01:09:33] Install step: download_extension
[2016/12/11 01:09:35] Install step: download_extension
[2016/12/11 01:09:36] Install step: download_extension
[2016/12/11 01:09:37] Install step: download_extension
[2016/12/11 01:09:39] Install step: download_extension
[2016/12/11 01:09:40] Install step: download_extension
[2016/12/11 01:13:27] Install step: get_meta_data
[2016/12/11 01:13:27] Install step: download_extension
[2016/12/11 01:13:29] Install step: download_extension
[2016/12/11 01:13:30] Install step: download_extension
[2016/12/11 01:13:31] Install step: download_extension
[2016/12/11 01:13:32] Install step: download_extension
[2016/12/11 01:13:33] Install step: download_extension
[2016/12/11 01:14:00] Install step: get_meta_data
[2016/12/11 01:14:00] Install step: download_extension
[2016/12/11 01:14:01] Install step: download_extension
[2016/12/11 01:14:03] Install step: download_extension
[2016/12/11 01:14:04] Install step: download_extension
[2016/12/11 01:14:05] Install step: download_extension
[2016/12/11 01:14:06] Install step: download_extension
[2016/12/11 01:18:48] Install step: get_meta_data
[2016/12/11 01:18:48] Install step: download_extension
[2016/12/11 01:18:49] Install step: download_extension
[2016/12/11 01:18:51] Install step: download_extension
[2016/12/11 01:18:52] Install step: download_extension
[2016/12/11 01:18:54] Install step: download_extension
[2016/12/11 01:18:55] Install step: download_extension
[2016/12/11 01:40:37] Install step: get_meta_data
[2016/12/11 01:40:38] Install step: download_extension
[2016/12/11 01:40:40] Install step: download_extension
[2016/12/11 01:40:41] Install step: download_extension
[2016/12/11 01:40:42] Install step: download_extension
[2016/12/11 01:40:43] Install step: download_extension
[2016/12/11 01:40:45] Install step: download_extension
[2016/12/11 02:02:54] Install step: get_meta_data
[2016/12/11 02:02:54] Install step: download_extension
[2016/12/11 02:28:10] Install step: get_meta_data
[2016/12/11 02:29:11] Install step: get_meta_data
[2016/12/11 02:29:11] Install step: download_extension
[2016/12/11 02:33:05] Install step: get_meta_data
[2016/12/11 02:33:05] Install step: download_extension
[2016/12/11 02:33:47] Install step: get_meta_data
[2016/12/11 02:33:48] Install step: download_extension
[2016/12/11 02:35:37] Install step: get_meta_data
[2016/12/11 02:35:38] Install step: download_extension
[2016/12/11 02:41:42] Install step: get_meta_data
[2016/12/11 02:41:43] Install step: download_extension
[2016/12/11 02:56:35] Install step: get_meta_data
[2016/12/11 02:56:36] Install step: download_extension
[2016/12/11 02:56:37] Install step: download_extension
[2016/12/11 02:56:38] Install step: download_extension
[2016/12/11 02:56:39] Install step: download_extension
[2016/12/11 02:56:41] Install step: download_extension
[2016/12/11 02:56:42] Install step: download_extension
[2016/12/11 05:54:34] Install step: get_meta_data
[2016/12/11 05:56:29] Install step: get_meta_data
[2016/12/11 06:00:19] Install step: get_meta_data
[2016/12/11 06:00:20] Install step: download_extension
[2016/12/11 06:00:21] Install step: download_extension
[2016/12/11 06:00:22] Install step: download_extension
[2016/12/11 06:00:24] Install step: download_extension
[2016/12/11 06:00:25] Install step: download_extension
[2016/12/11 06:00:26] Install step: download_extension
[2016/12/11 06:00:28] Install step: download_extension
[2016/12/11 06:00:29] Install step: download_extension
[2016/12/11 06:00:30] Install step: download_extension
[2016/12/11 06:00:32] Install step: download_extension
[2016/12/11 06:00:33] Install step: download_extension
[2016/12/11 06:00:34] Install step: download_extension
[2016/12/11 06:00:36] Install step: download_extension
[2016/12/11 06:00:37] Install step: download_extension
[2016/12/11 06:00:38] Install step: download_extension
[2016/12/11 06:00:39] Install step: download_extension
[2016/12/11 06:00:41] Install step: download_extension
[2016/12/11 06:00:42] Install step: download_extension
[2016/12/11 06:00:43] Install step: download_extension
[2016/12/11 06:00:45] Install step: download_extension
[2016/12/11 06:00:46] Install step: download_extension
[2016/12/11 06:00:47] Install step: download_extension
[2016/12/11 06:00:49] Install step: download_extension
[2016/12/11 06:12:36] Install step: get_meta_data
[2016/12/11 06:13:10] Install step: get_meta_data
[2016/12/11 06:15:45] Install step: get_meta_data
[2016/12/11 06:15:45] Install step: download_extension
[2016/12/11 06:15:47] Install step: download_extension
[2016/12/11 06:15:48] Install step: download_extension
[2016/12/11 06:15:50] Install step: download_extension
[2016/12/11 06:15:51] Install step: download_extension
[2016/12/11 06:15:52] Install step: download_extension
[2016/12/11 06:16:35] Install step: get_meta_data
[2016/12/11 06:16:35] Install step: download_extension
[2016/12/11 06:16:37] Install step: download_extension
[2016/12/11 06:16:38] Install step: download_extension
[2016/12/11 06:16:39] Install step: download_extension
[2016/12/11 06:16:41] Install step: download_extension
[2016/12/11 06:16:42] Install step: download_extension
[2016/12/11 06:16:43] Install step: extract_extension
